0 info it worked if it ends with ok
1 verbose cli [ 'node', '/usr/local/bin/npm', 'install', '--save', 'express' ]
2 info using npm@2.11.3
3 info using node@v0.12.7
4 verbose install initial load of /Users/hasan_azimi0/Desktop/Files/Section_03/find/begin/package.json
5 verbose readDependencies loading dependencies from /Users/hasan_azimi0/Desktop/Files/Section_03/find/begin/package.json
6 silly cache add args [ 'express', null ]
7 verbose cache add spec express
8 silly cache add parsed spec { raw: 'express',
8 silly cache add   scope: null,
8 silly cache add   name: 'express',
8 silly cache add   rawSpec: '',
8 silly cache add   spec: '*',
8 silly cache add   type: 'range' }
9 silly addNamed express@*
10 verbose addNamed "*" is a valid semver range for express
11 silly addNameRange { name: 'express', range: '*', hasData: false }
12 silly mapToRegistry name express
13 silly mapToRegistry using default registry
14 silly mapToRegistry registry https://registry.npmjs.org/
15 silly mapToRegistry uri https://registry.npmjs.org/express
16 verbose addNameRange registry:https://registry.npmjs.org/express not in flight; fetching
17 verbose request uri https://registry.npmjs.org/express
18 verbose request no auth needed
19 info attempt registry request try #1 at 8:01:42 PM
20 verbose request id c5568595cbaa3778
21 verbose etag "1K5EDXS3L3VNIDERW8WRTM9XG"
22 http request GET https://registry.npmjs.org/express
23 http 304 https://registry.npmjs.org/express
24 silly get cb [ 304,
24 silly get   { date: 'Tue, 01 Sep 2015 19:01:43 GMT',
24 silly get     via: '1.1 varnish',
24 silly get     'cache-control': 'max-age=60',
24 silly get     etag: '"1K5EDXS3L3VNIDERW8WRTM9XG"',
24 silly get     age: '54',
24 silly get     connection: 'keep-alive',
24 silly get     'x-served-by': 'cache-lcy1129-LCY',
24 silly get     'x-cache': 'HIT',
24 silly get     'x-cache-hits': '2',
24 silly get     'x-timer': 'S1441134103.221077,VS0,VE0',
24 silly get     vary: 'Accept' } ]
25 verbose etag https://registry.npmjs.org/express from cache
26 verbose get saving express to /Users/hasan_azimi0/.npm/registry.npmjs.org/express/.cache.json
27 silly addNameRange number 2 { name: 'express', range: '*', hasData: true }
28 silly addNameRange versions [ 'express',
28 silly addNameRange   [ '0.14.0',
28 silly addNameRange     '0.14.1',
28 silly addNameRange     '1.0.0',
28 silly addNameRange     '1.0.1',
28 silly addNameRange     '1.0.2',
28 silly addNameRange     '1.0.3',
28 silly addNameRange     '1.0.4',
28 silly addNameRange     '1.0.5',
28 silly addNameRange     '1.0.6',
28 silly addNameRange     '1.0.7',
28 silly addNameRange     '1.0.8',
28 silly addNameRange     '2.0.0',
28 silly addNameRange     '2.1.0',
28 silly addNameRange     '2.1.1',
28 silly addNameRange     '2.2.0',
28 silly addNameRange     '2.2.1',
28 silly addNameRange     '2.2.2',
28 silly addNameRange     '2.3.0',
28 silly addNameRange     '2.3.1',
28 silly addNameRange     '2.3.2',
28 silly addNameRange     '2.3.3',
28 silly addNameRange     '2.3.4',
28 silly addNameRange     '2.3.5',
28 silly addNameRange     '2.3.6',
28 silly addNameRange     '2.3.7',
28 silly addNameRange     '2.3.8',
28 silly addNameRange     '2.3.9',
28 silly addNameRange     '2.3.10',
28 silly addNameRange     '2.3.11',
28 silly addNameRange     '2.3.12',
28 silly addNameRange     '2.4.0',
28 silly addNameRange     '2.4.1',
28 silly addNameRange     '2.4.2',
28 silly addNameRange     '2.4.3',
28 silly addNameRange     '2.4.4',
28 silly addNameRange     '2.4.5',
28 silly addNameRange     '2.4.6',
28 silly addNameRange     '2.4.7',
28 silly addNameRange     '2.5.0',
28 silly addNameRange     '2.5.1',
28 silly addNameRange     '2.5.2',
28 silly addNameRange     '2.5.3',
28 silly addNameRange     '2.5.4',
28 silly addNameRange     '2.5.5',
28 silly addNameRange     '2.5.6',
28 silly addNameRange     '2.5.7',
28 silly addNameRange     '2.5.8',
28 silly addNameRange     '2.5.9',
28 silly addNameRange     '2.5.10',
28 silly addNameRange     '2.5.11',
28 silly addNameRange     '3.0.0',
28 silly addNameRange     '3.0.1',
28 silly addNameRange     '3.0.2',
28 silly addNameRange     '3.0.3',
28 silly addNameRange     '3.0.4',
28 silly addNameRange     '3.0.5',
28 silly addNameRange     '3.0.6',
28 silly addNameRange     '3.1.0',
28 silly addNameRange     '3.1.1',
28 silly addNameRange     '3.1.2',
28 silly addNameRange     '3.2.0',
28 silly addNameRange     '3.2.1',
28 silly addNameRange     '3.2.2',
28 silly addNameRange     '3.2.3',
28 silly addNameRange     '3.2.4',
28 silly addNameRange     '3.2.5',
28 silly addNameRange     '3.2.6',
28 silly addNameRange     '3.3.0',
28 silly addNameRange     '3.3.1',
28 silly addNameRange     '3.3.2',
28 silly addNameRange     '3.3.3',
28 silly addNameRange     '3.3.4',
28 silly addNameRange     '3.3.5',
28 silly addNameRange     '3.3.6',
28 silly addNameRange     '1.0.0-beta',
28 silly addNameRange     '1.0.0-beta2',
28 silly addNameRange     '1.0.0-rc',
28 silly addNameRange     '1.0.0-rc2',
28 silly addNameRange     '1.0.0-rc3',
28 silly addNameRange     '1.0.0-rc4',
28 silly addNameRange     '2.0.0-beta',
28 silly addNameRange     '2.0.0-beta2',
28 silly addNameRange     '2.0.0-beta3',
28 silly addNameRange     '2.0.0-rc',
28 silly addNameRange     '2.0.0-rc2',
28 silly addNameRange     '2.0.0-rc3',
28 silly addNameRange     '3.0.0-alpha1',
28 silly addNameRange     '3.0.0-alpha2',
28 silly addNameRange     '3.0.0-alpha3',
28 silly addNameRange     '3.0.0-alpha4',
28 silly addNameRange     '3.0.0-alpha5',
28 silly addNameRange     '3.0.0-beta1',
28 silly addNameRange     '3.0.0-beta2',
28 silly addNameRange     '3.0.0-beta3',
28 silly addNameRange     '3.0.0-beta4',
28 silly addNameRange     '3.0.0-beta6',
28 silly addNameRange     '3.0.0-beta7',
28 silly addNameRange     '3.0.0-rc1',
28 silly addNameRange     '3.0.0-rc2',
28 silly addNameRange     '3.0.0-rc3',
28 silly addNameRange     '3.0.0-rc4',
28 silly addNameRange     '3.0.0-rc5',
28 silly addNameRange     '3.3.7',
28 silly addNameRange     '3.3.8',
28 silly addNameRange     '3.4.0',
28 silly addNameRange     '3.4.1',
28 silly addNameRange     '3.4.2',
28 silly addNameRange     '3.4.3',
28 silly addNameRange     '3.4.4',
28 silly addNameRange     '3.4.5',
28 silly addNameRange     '3.4.6',
28 silly addNameRange     '3.4.7',
28 silly addNameRange     '3.4.8',
28 silly addNameRange     '4.0.0-rc1',
28 silly addNameRange     '4.0.0-rc2',
28 silly addNameRange     '3.5.0',
28 silly addNameRange     '4.0.0-rc3',
28 silly addNameRange     '4.0.0-rc4',
28 silly addNameRange     '3.5.1',
28 silly addNameRange     '4.0.0',
28 silly addNameRange     '3.5.2',
28 silly addNameRange     '4.1.0',
28 silly addNameRange     '4.1.1',
28 silly addNameRange     '3.5.3',
28 silly addNameRange     '4.1.2',
28 silly addNameRange     '3.6.0',
28 silly addNameRange     '4.2.0',
28 silly addNameRange     '3.7.0',
28 silly addNameRange     '3.8.0',
28 silly addNameRange     '4.3.0',
28 silly addNameRange     '4.3.1',
28 silly addNameRange     '3.8.1',
28 silly addNameRange     '4.3.2',
28 silly addNameRange     '3.9.0',
28 silly addNameRange     '4.4.0',
28 silly addNameRange     '4.4.1',
28 silly addNameRange     '3.10.0',
28 silly addNameRange     '3.10.1',
28 silly addNameRange     '3.10.2',
28 silly addNameRange     '3.10.3',
28 silly addNameRange     '3.10.4',
28 silly addNameRange     '4.4.2',
28 silly addNameRange     '3.10.5',
28 silly addNameRange     '4.4.3',
28 silly addNameRange     '3.11.0',
28 silly addNameRange     '4.4.4',
28 silly addNameRange     '3.12.0',
28 silly addNameRange     '3.12.1',
28 silly addNameRange     '4.4.5',
28 silly addNameRange     '3.13.0',
28 silly addNameRange     '4.5.0',
28 silly addNameRange     '4.5.1',
28 silly addNameRange     '3.14.0',
28 silly addNameRange     '4.6.0',
28 silly addNameRange     '4.6.1',
28 silly addNameRange     '3.15.0',
28 silly addNameRange     '4.7.0',
28 silly addNameRange     '3.15.1',
28 silly addNameRange     '4.7.1',
28 silly addNameRange     '3.15.2',
28 silly addNameRange     '4.7.2',
28 silly addNameRange     '4.7.3',
28 silly addNameRange     '3.15.3',
28 silly addNameRange     '4.7.4',
28 silly addNameRange     '3.16.0',
28 silly addNameRange     '4.8.0',
28 silly addNameRange     '3.16.1',
28 silly addNameRange     '4.8.1',
28 silly addNameRange     '3.16.2',
28 silly addNameRange     '4.8.2',
28 silly addNameRange     '3.16.3',
28 silly addNameRange     '3.16.4',
28 silly addNameRange     '4.8.3',
28 silly addNameRange     '3.16.5',
28 silly addNameRange     '3.16.6',
28 silly addNameRange     '4.8.4',
28 silly addNameRange     '3.16.7',
28 silly addNameRange     '4.8.5',
28 silly addNameRange     '3.16.8',
28 silly addNameRange     '4.8.6',
28 silly addNameRange     '3.16.9',
28 silly addNameRange     '4.8.7',
28 silly addNameRange     '3.16.10',
28 silly addNameRange     '4.8.8',
28 silly addNameRange     '3.17.0',
28 silly addNameRange     '3.17.1',
28 silly addNameRange     '4.9.0',
28 silly addNameRange     '3.17.2',
28 silly addNameRange     '4.9.1',
28 silly addNameRange     '4.9.2',
28 silly addNameRange     '3.17.3',
28 silly addNameRange     '4.9.3',
28 silly addNameRange     '3.17.4',
28 silly addNameRange     '4.9.4',
28 silly addNameRange     '3.17.5',
28 silly addNameRange     '4.9.5',
28 silly addNameRange     '3.17.6',
28 silly addNameRange     '3.17.7',
28 silly addNameRange     '4.9.6',
28 silly addNameRange     '4.9.7',
28 silly addNameRange     '3.17.8',
28 silly addNameRange     '4.9.8',
28 silly addNameRange     '3.18.0',
28 silly addNameRange     '3.18.1',
28 silly addNameRange     '4.10.0',
28 silly addNameRange     '3.18.2',
28 silly addNameRange     '4.10.1',
28 silly addNameRange     '5.0.0-alpha.1',
28 silly addNameRange     '3.18.3',
28 silly addNameRange     '4.10.2',
28 silly addNameRange     '3.18.4',
28 silly addNameRange     '4.10.3',
28 silly addNameRange     '4.10.4',
28 silly addNameRange     '4.10.5',
28 silly addNameRange     '3.18.5',
28 silly addNameRange     '3.18.6',
28 silly addNameRange     '4.10.6',
28 silly addNameRange     '4.10.7',
28 silly addNameRange     '3.19.0',
28 silly addNameRange     '4.10.8',
28 silly addNameRange     '4.11.0',
28 silly addNameRange     '3.19.1',
28 silly addNameRange     '4.11.1',
28 silly addNameRange     '3.19.2',
28 silly addNameRange     '4.11.2',
28 silly addNameRange     '3.20.0',
28 silly addNameRange     '4.12.0',
28 silly addNameRange     '3.20.1',
28 silly addNameRange     '4.12.1',
28 silly addNameRange     '4.12.2',
28 silly addNameRange     '3.20.2',
28 silly addNameRange     '4.12.3',
28 silly addNameRange     '3.20.3',
28 silly addNameRange     '4.12.4',
28 silly addNameRange     '3.21.0',
28 silly addNameRange     '4.13.0',
28 silly addNameRange     '3.21.1',
28 silly addNameRange     '4.13.1',
28 silly addNameRange     '5.0.0-alpha.2',
28 silly addNameRange     '3.21.2',
28 silly addNameRange     '4.13.2',
28 silly addNameRange     '4.13.3' ] ]
29 silly addNamed express@4.13.3
30 verbose addNamed "4.13.3" is a plain semver version for express
31 silly cache afterAdd express@4.13.3
32 verbose afterAdd /Users/hasan_azimi0/.npm/express/4.13.3/package/package.json not in flight; writing
33 verbose afterAdd /Users/hasan_azimi0/.npm/express/4.13.3/package/package.json written
34 silly install resolved [ { name: 'express',
34 silly install resolved     description: 'Fast, unopinionated, minimalist web framework',
34 silly install resolved     version: '4.13.3',
34 silly install resolved     author: { name: 'TJ Holowaychuk', email: 'tj@vision-media.ca' },
34 silly install resolved     contributors:
34 silly install resolved      [ [Object],
34 silly install resolved        [Object],
34 silly install resolved        [Object],
34 silly install resolved        [Object],
34 silly install resolved        [Object],
34 silly install resolved        [Object],
34 silly install resolved        [Object] ],
34 silly install resolved     license: 'MIT',
34 silly install resolved     repository:
34 silly install resolved      { type: 'git',
34 silly install resolved        url: 'git+https://github.com/strongloop/express.git' },
34 silly install resolved     homepage: 'http://expressjs.com/',
34 silly install resolved     keywords:
34 silly install resolved      [ 'express',
34 silly install resolved        'framework',
34 silly install resolved        'sinatra',
34 silly install resolved        'web',
34 silly install resolved        'rest',
34 silly install resolved        'restful',
34 silly install resolved        'router',
34 silly install resolved        'app',
34 silly install resolved        'api' ],
34 silly install resolved     dependencies:
34 silly install resolved      { accepts: '~1.2.12',
34 silly install resolved        'array-flatten': '1.1.1',
34 silly install resolved        'content-disposition': '0.5.0',
34 silly install resolved        'content-type': '~1.0.1',
34 silly install resolved        cookie: '0.1.3',
34 silly install resolved        'cookie-signature': '1.0.6',
34 silly install resolved        debug: '~2.2.0',
34 silly install resolved        depd: '~1.0.1',
34 silly install resolved        'escape-html': '1.0.2',
34 silly install resolved        etag: '~1.7.0',
34 silly install resolved        finalhandler: '0.4.0',
34 silly install resolved        fresh: '0.3.0',
34 silly install resolved        'merge-descriptors': '1.0.0',
34 silly install resolved        methods: '~1.1.1',
34 silly install resolved        'on-finished': '~2.3.0',
34 silly install resolved        parseurl: '~1.3.0',
34 silly install resolved        'path-to-regexp': '0.1.7',
34 silly install resolved        'proxy-addr': '~1.0.8',
34 silly install resolved        qs: '4.0.0',
34 silly install resolved        'range-parser': '~1.0.2',
34 silly install resolved        send: '0.13.0',
34 silly install resolved        'serve-static': '~1.10.0',
34 silly install resolved        'type-is': '~1.6.6',
34 silly install resolved        'utils-merge': '1.0.0',
34 silly install resolved        vary: '~1.0.1' },
34 silly install resolved     devDependencies:
34 silly install resolved      { after: '0.8.1',
34 silly install resolved        ejs: '2.3.3',
34 silly install resolved        istanbul: '0.3.17',
34 silly install resolved        marked: '0.3.5',
34 silly install resolved        mocha: '2.2.5',
34 silly install resolved        should: '7.0.2',
34 silly install resolved        supertest: '1.0.1',
34 silly install resolved        'body-parser': '~1.13.3',
34 silly install resolved        'connect-redis': '~2.4.1',
34 silly install resolved        'cookie-parser': '~1.3.5',
34 silly install resolved        'cookie-session': '~1.2.0',
34 silly install resolved        'express-session': '~1.11.3',
34 silly install resolved        jade: '~1.11.0',
34 silly install resolved        'method-override': '~2.3.5',
34 silly install resolved        morgan: '~1.6.1',
34 silly install resolved        multiparty: '~4.1.2',
34 silly install resolved        vhost: '~3.0.1' },
34 silly install resolved     engines: { node: '>= 0.10.0' },
34 silly install resolved     files: [ 'LICENSE', 'History.md', 'Readme.md', 'index.js', 'lib/' ],
34 silly install resolved     scripts:
34 silly install resolved      { test: 'mocha --require test/support/env --reporter spec --bail --check-leaks test/ test/acceptance/',
34 silly install resolved        'test-ci': 'istanbul cover node_modules/mocha/bin/_mocha --report lcovonly -- --require test/support/env --reporter spec --check-leaks test/ test/acceptance/',
34 silly install resolved        'test-cov': 'istanbul cover node_modules/mocha/bin/_mocha -- --require test/support/env --reporter dot --check-leaks test/ test/acceptance/',
34 silly install resolved        'test-tap': 'mocha --require test/support/env --reporter tap --check-leaks test/ test/acceptance/' },
34 silly install resolved     gitHead: 'ef7ad681b245fba023843ce94f6bcb8e275bbb8e',
34 silly install resolved     bugs: { url: 'https://github.com/strongloop/express/issues' },
34 silly install resolved     _id: 'express@4.13.3',
34 silly install resolved     _shasum: 'ddb2f1fb4502bf33598d2b032b037960ca6c80a3',
34 silly install resolved     _from: 'express@*',
34 silly install resolved     _npmVersion: '1.4.28',
34 silly install resolved     _npmUser: { name: 'dougwilson', email: 'doug@somethingdoug.com' },
34 silly install resolved     maintainers:
34 silly install resolved      [ [Object],
34 silly install resolved        [Object],
34 silly install resolved        [Object],
34 silly install resolved        [Object],
34 silly install resolved        [Object],
34 silly install resolved        [Object],
34 silly install resolved        [Object] ],
34 silly install resolved     dist:
34 silly install resolved      { shasum: 'ddb2f1fb4502bf33598d2b032b037960ca6c80a3',
34 silly install resolved        tarball: 'http://registry.npmjs.org/express/-/express-4.13.3.tgz' },
34 silly install resolved     directories: {},
34 silly install resolved     _resolved: 'https://registry.npmjs.org/express/-/express-4.13.3.tgz',
34 silly install resolved     readme: 'ERROR: No README data found!' } ]
35 info install express@4.13.3 into /Users/hasan_azimi0/Desktop/Files/Section_03/find/begin
36 info installOne express@4.13.3
37 verbose installOne of express to /Users/hasan_azimi0/Desktop/Files/Section_03/find/begin not in flight; installing
38 warn locking Error: EACCES, open '/Users/hasan_azimi0/.npm/_locks/express-60db3a5ffa8dbb8c.lock'
38 warn locking     at Error (native)
38 warn locking  /Users/hasan_azimi0/.npm/_locks/express-60db3a5ffa8dbb8c.lock failed { [Error: EACCES, open '/Users/hasan_azimi0/.npm/_locks/express-60db3a5ffa8dbb8c.lock']
38 warn locking   errno: -13,
38 warn locking   code: 'EACCES',
38 warn locking   path: '/Users/hasan_azimi0/.npm/_locks/express-60db3a5ffa8dbb8c.lock' }
39 verbose stack Error: Attempt to unlock /Users/hasan_azimi0/Desktop/Files/Section_03/find/begin/node_modules/express, which hasn't been locked
39 verbose stack     at unlock (/usr/local/lib/node_modules/npm/lib/utils/locker.js:66:11)
39 verbose stack     at cb (/usr/local/lib/node_modules/npm/lib/install.js:1017:5)
39 verbose stack     at /usr/local/lib/node_modules/npm/lib/install.js:1021:20
39 verbose stack     at /usr/local/lib/node_modules/npm/lib/utils/locker.js:40:9
39 verbose stack     at cb (/usr/local/lib/node_modules/npm/node_modules/lockfile/lockfile.js:149:38)
39 verbose stack     at /usr/local/lib/node_modules/npm/node_modules/lockfile/lockfile.js:177:38
39 verbose stack     at FSReqWrap.oncomplete (fs.js:95:15)
40 verbose cwd /Users/hasan_azimi0/Desktop/Files/Section_03/find/begin
41 error Darwin 14.5.0
42 error argv "node" "/usr/local/bin/npm" "install" "--save" "express"
43 error node v0.12.7
44 error npm  v2.11.3
45 error Attempt to unlock /Users/hasan_azimi0/Desktop/Files/Section_03/find/begin/node_modules/express, which hasn't been locked
46 error If you need help, you may report this error at:
46 error     <https://github.com/npm/npm/issues>
47 verbose exit [ 1, true ]
